<?xml version="1.0" encoding="UTF-8"?>
<testng-results skipped="0" failed="0" total="2" passed="2">
  <reporter-output>
  </reporter-output>
  <suite name="Surefire suite" duration-ms="38772" started-at="2020-05-28T14:23:24Z" finished-at="2020-05-28T14:24:02Z">
    <groups>
    </groups>
    <test name="Surefire test" duration-ms="38772" started-at="2020-05-28T14:23:24Z" finished-at="2020-05-28T14:24:02Z">
      <class name="com.geniuspage.qa.testcases.PublishSiteTest">
        <test-method status="PASS" signature="TestLogIn()[pri:0, instance:com.geniuspage.qa.testcases.PublishSiteTest@51081592]" name="TestLogIn" duration-ms="20968" started-at="2020-05-28T19:53:24Z" finished-at="2020-05-28T19:53:45Z">
          <reporter-output>
          </reporter-output>
        </test-method> <!-- TestLogIn -->
        <test-method status="PASS" signature="SiteSettings()[pri:0, instance:com.geniuspage.qa.testcases.PublishSiteTest@51081592]" name="SiteSettings" duration-ms="17790" started-at="2020-05-28T19:53:45Z" finished-at="2020-05-28T19:54:02Z">
          <reporter-output>
          </reporter-output>
        </test-method> <!-- SiteSettings -->
      </class> <!-- com.geniuspage.qa.testcases.PublishSiteTest -->
    </test> <!-- Surefire test -->
  </suite> <!-- Surefire suite -->
</testng-results>
